<?xml version='1.0' encoding='UTF-8'?>
<testsuite hostname="BOOK-34SKSB57RM" name="streams.BloxorzSuite" tests="6" errors="0" failures="0" time="0.122">
                     <properties>
[...]
</properties>
                     <testcase classname="streams.BloxorzSuite" name="terrain function level 1" time="0.069">
                                                 
                                               </testcase><testcase classname="streams.BloxorzSuite" name="findChar level 1" time="0.006">
                                                 
                                               </testcase><testcase classname="streams.BloxorzSuite" name="optimal solution for level 1" time="0.033">
                                                 
                                               </testcase><testcase classname="streams.BloxorzSuite" name="optimal solution length for level 1" time="0.008">
                                                 
                                               </testcase><testcase classname="streams.BloxorzSuite" name="Finding Neighbors test" time="0.002">
                                                 
                                               </testcase><testcase classname="streams.BloxorzSuite" name="Avoiding Circles test" time="0.004">
                                                 
                                               </testcase>
                     <system-out></system-out>
                     <system-err></system-err>
                   </testsuite>